Arguments: 
  /usr/local/bin/node /usr/share/yarn/bin/yarn.js add

PATH: 
  /usr/local/sbin:/usr/local/bin:/usr/sbin:/usr/bin:/sbin:/bin:/usr/games:/usr/local/games:/snap/bin

Yarn version: 
  1.21.1

Node version: 
  12.14.0

Platform: 
  linux x64

Trace: 
  SyntaxError: /home/daniel/Documentos/Recode_Soren/package.json: Unexpected token } in JSON at position 572
      at JSON.parse (<anonymous>)
      at /usr/share/yarn/lib/cli.js:1625:59
      at Generator.next (<anonymous>)
      at step (/usr/share/yarn/lib/cli.js:310:30)
      at /usr/share/yarn/lib/cli.js:321:13

npm manifest: 
  {
    "version": "1.0.0",
    "main": "index.js",
    "repository": "https://github.com/Dx00/Recode_Soren",
    "author": "Dx00 <scripter00@outlook.com>",
    "license": "MIT",
    "scripts": {
      "start": "nodemon app.js"
    },
    "dependencies": {
      "body-parser": "^1.19.0",
      "express": "^4.17.1",
      "mysql": "^2.17.1",
      "sequelize": "^5.21.3"
    },
    "devDependencies": {
      "babel-core": "^6.26.3",
      "babel-loader": "^8.0.6",
      "babel-preset-es2015": "^6.24.1",
      "babel-preset-stage-0": "^6.24.1",
      "html-webpack-plugin": "^3.2.0",
      "nodemon": "^2.0.2",
    }
  }

yarn manifest: 
  No manifest

Lockfile: 
  No lockfile
